Traceback (most recent call last):
  File "/usr/local/lib/python3.7/dist-packages/jupyter_cache/executors/utils.py", line 56, in single_nb_execution
    record_timing=False,
  File "/usr/local/lib/python3.7/dist-packages/nbclient/client.py", line 1204, in execute
    return NotebookClient(nb=nb, resources=resources, km=km, **kwargs).execute()
  File "/usr/local/lib/python3.7/dist-packages/nbclient/util.py", line 84, in wrapped
    return just_run(coro(*args, **kwargs))
  File "/usr/local/lib/python3.7/dist-packages/nbclient/util.py", line 62, in just_run
    return loop.run_until_complete(coro)
  File "/usr/lib/python3.7/asyncio/base_events.py", line 587, in run_until_complete
    return future.result()
  File "/usr/local/lib/python3.7/dist-packages/nbclient/client.py", line 664, in async_execute
    cell, index, execution_count=self.code_cells_executed + 1
  File "/usr/local/lib/python3.7/dist-packages/nbclient/client.py", line 965, in async_execute_cell
    await self._check_raise_for_error(cell, cell_index, exec_reply)
  File "/usr/local/lib/python3.7/dist-packages/nbclient/client.py", line 862, in _check_raise_for_error
    raise CellExecutionError.from_cell_and_msg(cell, exec_reply_content)
nbclient.exceptions.CellExecutionError: An error occurred while executing the following cell:
------------------
# categorize every iris data
ef_binned_df = pd.DataFrame(est_ef_binning, columns=["sepal.length", "sepal.width", "petal.length", "petal.width"])
ef_binned_df["sepal.length"] = np.where(ef_binned_df["sepal.length"] == 0.0, "Sedikit_Lebar", np.where(ef_binned_df["sepal.length"] == 1.0, "Lebar", "Sangat_Lebar"))
ef_binned_df["sepal.width"] = np.where(ef_binned_df["sepal.width"] == 0.0, "Sedikit_Lebar", np.where(ef_binned_df["sepal.width"] == 1.0, "Lebar", "Sangat_Lebar"))
ef_binned_df["petal.length"] = np.where(ef_binned_df["petal.length"] == 0.0, "Sedikit_Lebar", np.where(ef_binned_df["petal.length"] == 1.0, "Lebar", "Sangat_Lebar"))
ef_binned_df["petal.width"] = np.where(ef_binned_df["petal.width"] == 0.0, "Sedikit_Lebar", np.where(ef_binned_df["petal.width"] == 1.0, "Lebar", "Sangat_Lebar"))
------------------

[0;31m[0m
[0;31mNameError[0mTraceback (most recent call last)
[0;32m<ipython-input-10-9b71ea275956>[0m in [0;36m<module>[0;34m[0m
[1;32m      1[0m [0;31m# categorize every iris data[0m[0;34m[0m[0;34m[0m[0;34m[0m[0m
[0;32m----> 2[0;31m [0mef_binned_df[0m [0;34m=[0m [0mpd[0m[0;34m.[0m[0mDataFrame[0m[0;34m([0m[0mest_ef_binning[0m[0;34m,[0m [0mcolumns[0m[0;34m=[0m[0;34m[[0m[0;34m"sepal.length"[0m[0;34m,[0m [0;34m"sepal.width"[0m[0;34m,[0m [0;34m"petal.length"[0m[0;34m,[0m [0;34m"petal.width"[0m[0;34m][0m[0;34m)[0m[0;34m[0m[0;34m[0m[0m
[0m[1;32m      3[0m [0mef_binned_df[0m[0;34m[[0m[0;34m"sepal.length"[0m[0;34m][0m [0;34m=[0m [0mnp[0m[0;34m.[0m[0mwhere[0m[0;34m([0m[0mef_binned_df[0m[0;34m[[0m[0;34m"sepal.length"[0m[0;34m][0m [0;34m==[0m [0;36m0.0[0m[0;34m,[0m [0;34m"Sedikit_Lebar"[0m[0;34m,[0m [0mnp[0m[0;34m.[0m[0mwhere[0m[0;34m([0m[0mef_binned_df[0m[0;34m[[0m[0;34m"sepal.length"[0m[0;34m][0m [0;34m==[0m [0;36m1.0[0m[0;34m,[0m [0;34m"Lebar"[0m[0;34m,[0m [0;34m"Sangat_Lebar"[0m[0;34m)[0m[0;34m)[0m[0;34m[0m[0;34m[0m[0m
[1;32m      4[0m [0mef_binned_df[0m[0;34m[[0m[0;34m"sepal.width"[0m[0;34m][0m [0;34m=[0m [0mnp[0m[0;34m.[0m[0mwhere[0m[0;34m([0m[0mef_binned_df[0m[0;34m[[0m[0;34m"sepal.width"[0m[0;34m][0m [0;34m==[0m [0;36m0.0[0m[0;34m,[0m [0;34m"Sedikit_Lebar"[0m[0;34m,[0m [0mnp[0m[0;34m.[0m[0mwhere[0m[0;34m([0m[0mef_binned_df[0m[0;34m[[0m[0;34m"sepal.width"[0m[0;34m][0m [0;34m==[0m [0;36m1.0[0m[0;34m,[0m [0;34m"Lebar"[0m[0;34m,[0m [0;34m"Sangat_Lebar"[0m[0;34m)[0m[0;34m)[0m[0;34m[0m[0;34m[0m[0m
[1;32m      5[0m [0mef_binned_df[0m[0;34m[[0m[0;34m"petal.length"[0m[0;34m][0m [0;34m=[0m [0mnp[0m[0;34m.[0m[0mwhere[0m[0;34m([0m[0mef_binned_df[0m[0;34m[[0m[0;34m"petal.length"[0m[0;34m][0m [0;34m==[0m [0;36m0.0[0m[0;34m,[0m [0;34m"Sedikit_Lebar"[0m[0;34m,[0m [0mnp[0m[0;34m.[0m[0mwhere[0m[0;34m([0m[0mef_binned_df[0m[0;34m[[0m[0;34m"petal.length"[0m[0;34m][0m [0;34m==[0m [0;36m1.0[0m[0;34m,[0m [0;34m"Lebar"[0m[0;34m,[0m [0;34m"Sangat_Lebar"[0m[0;34m)[0m[0;34m)[0m[0;34m[0m[0;34m[0m[0m

[0;31mNameError[0m: name 'est_ef_binning' is not defined
NameError: name 'est_ef_binning' is not defined

